19:26:45.457  DEBUG org.testng.internal.Graph - [Graph] ADDING NODE Configuration.setUp()[pri:0, instance:null] -1380824345
19:26:45.463  DEBUG org.testng.internal.Graph - [Graph] ================ SORTING
19:26:45.467  DEBUG org.testng.internal.Graph - [Graph] =============== DONE SORTING
19:26:45.467  DEBUG org.testng.internal.Graph - [Graph] ====== SORTED NODES
19:26:45.467  DEBUG org.testng.internal.Graph - [Graph] ====== END SORTED NODES
19:26:45.469  DEBUG org.testng.internal.Graph - [Graph] ADDING NODE Configuration.tearDown()[pri:0, instance:null] 939304592
19:26:45.469  DEBUG org.testng.internal.Graph - [Graph] ================ SORTING
19:26:45.469  DEBUG org.testng.internal.Graph - [Graph] =============== DONE SORTING
19:26:45.470  DEBUG org.testng.internal.Graph - [Graph] ====== SORTED NODES
19:26:45.470  DEBUG org.testng.internal.Graph - [Graph] ====== END SORTED NODES
19:26:45.473  DEBUG org.testng.internal.Graph - [Graph] ADDING NODE CreateNewEventTests.precondition()[pri:0, instance:null] 573490085
19:26:45.473  DEBUG org.testng.internal.Graph - [Graph] ================ SORTING
19:26:45.473  DEBUG org.testng.internal.Graph - [Graph] =============== DONE SORTING
19:26:45.473  DEBUG org.testng.internal.Graph - [Graph] ====== SORTED NODES
19:26:45.474  DEBUG org.testng.internal.Graph - [Graph] ====== END SORTED NODES
19:26:45.475  DEBUG org.testng.internal.Graph - [Graph] ADDING NODE CreateNewEventTests.postcondition()[pri:0, instance:null] -350533052
19:26:45.475  DEBUG org.testng.internal.Graph - [Graph] ================ SORTING
19:26:45.475  DEBUG org.testng.internal.Graph - [Graph] =============== DONE SORTING
19:26:45.476  DEBUG org.testng.internal.Graph - [Graph] ====== SORTED NODES
19:26:45.476  DEBUG org.testng.internal.Graph - [Graph] ====== END SORTED NODES
19:26:45.482  DEBUG org.testng.internal.Graph - [Graph] ADDING NODE Configuration.setUp()[pri:0, instance:tests.CreateNewEventTests@150fcf47] 497475904
19:26:45.482  DEBUG org.testng.internal.Graph - [Graph] ================ SORTING
19:26:45.482  DEBUG org.testng.internal.Graph - [Graph] =============== DONE SORTING
19:26:45.482  DEBUG org.testng.internal.Graph - [Graph] ====== SORTED NODES
19:26:45.482  DEBUG org.testng.internal.Graph - [Graph] ====== END SORTED NODES
19:26:45.484  DEBUG org.testng.internal.Graph - [Graph] ADDING NODE CreateNewEventTests.addNewSuccessSecond()[pri:0, instance:tests.CreateNewEventTests@150fcf47] 274140866
19:26:45.484  DEBUG org.testng.internal.Graph - [Graph] ADDING NODE CreateNewEventTests.addNewEventNextDay()[pri:0, instance:tests.CreateNewEventTests@150fcf47] 876395576
19:26:45.485  DEBUG org.testng.internal.Graph - [Graph] ADDING NODE CreateNewEventTests.addNewEventSuccess()[pri:0, instance:tests.CreateNewEventTests@150fcf47] -328781550
19:26:45.485  DEBUG org.testng.internal.Graph - [Graph] ================ SORTING
19:26:45.486  DEBUG org.testng.internal.Graph - [Graph] =============== DONE SORTING
19:26:45.486  DEBUG org.testng.internal.Graph - [Graph] ====== SORTED NODES
19:26:45.487  DEBUG org.testng.internal.Graph - [Graph] ====== END SORTED NODES
19:26:45.489  DEBUG org.testng.internal.Graph - [Graph] ADDING NODE Configuration.tearDown()[pri:0, instance:tests.CreateNewEventTests@150fcf47] -592971081
19:26:45.489  DEBUG org.testng.internal.Graph - [Graph] ================ SORTING
19:26:45.489  DEBUG org.testng.internal.Graph - [Graph] =============== DONE SORTING
19:26:45.490  DEBUG org.testng.internal.Graph - [Graph] ====== SORTED NODES
19:26:45.493  DEBUG org.testng.internal.Graph - [Graph] ====== END SORTED NODES
19:26:45.513  INFO  manager.Configuration - Device name --> 'Simulator_2'; Platform --> 'Android'; Version --> '8.0'
