19:28:35.780  DEBUG org.testng.internal.Graph - [Graph] ADDING NODE Configuration.setUp()[pri:0, instance:null] -1380824345
19:28:35.786  DEBUG org.testng.internal.Graph - [Graph] ================ SORTING
19:28:35.791  DEBUG org.testng.internal.Graph - [Graph] =============== DONE SORTING
19:28:35.792  DEBUG org.testng.internal.Graph - [Graph] ====== SORTED NODES
19:28:35.792  DEBUG org.testng.internal.Graph - [Graph] ====== END SORTED NODES
19:28:35.793  DEBUG org.testng.internal.Graph - [Graph] ADDING NODE Configuration.tearDown()[pri:0, instance:null] 939304592
19:28:35.794  DEBUG org.testng.internal.Graph - [Graph] ================ SORTING
19:28:35.794  DEBUG org.testng.internal.Graph - [Graph] =============== DONE SORTING
19:28:35.795  DEBUG org.testng.internal.Graph - [Graph] ====== SORTED NODES
19:28:35.795  DEBUG org.testng.internal.Graph - [Graph] ====== END SORTED NODES
19:28:35.797  DEBUG org.testng.internal.Graph - [Graph] ADDING NODE CreateNewEventTests.precondition()[pri:0, instance:null] 573490085
19:28:35.798  DEBUG org.testng.internal.Graph - [Graph] ================ SORTING
19:28:35.798  DEBUG org.testng.internal.Graph - [Graph] =============== DONE SORTING
19:28:35.798  DEBUG org.testng.internal.Graph - [Graph] ====== SORTED NODES
19:28:35.798  DEBUG org.testng.internal.Graph - [Graph] ====== END SORTED NODES
19:28:35.799  DEBUG org.testng.internal.Graph - [Graph] ADDING NODE CreateNewEventTests.postcondition()[pri:0, instance:null] -350533052
19:28:35.800  DEBUG org.testng.internal.Graph - [Graph] ================ SORTING
19:28:35.800  DEBUG org.testng.internal.Graph - [Graph] =============== DONE SORTING
19:28:35.800  DEBUG org.testng.internal.Graph - [Graph] ====== SORTED NODES
19:28:35.800  DEBUG org.testng.internal.Graph - [Graph] ====== END SORTED NODES
19:28:35.811  DEBUG org.testng.internal.Graph - [Graph] ADDING NODE Configuration.setUp()[pri:0, instance:tests.CreateNewEventTests@150fcf47] 497475904
19:28:35.811  DEBUG org.testng.internal.Graph - [Graph] ================ SORTING
19:28:35.811  DEBUG org.testng.internal.Graph - [Graph] =============== DONE SORTING
19:28:35.812  DEBUG org.testng.internal.Graph - [Graph] ====== SORTED NODES
19:28:35.812  DEBUG org.testng.internal.Graph - [Graph] ====== END SORTED NODES
19:28:35.814  DEBUG org.testng.internal.Graph - [Graph] ADDING NODE CreateNewEventTests.addNewSuccessSecond()[pri:0, instance:tests.CreateNewEventTests@150fcf47] 274140866
19:28:35.815  DEBUG org.testng.internal.Graph - [Graph] ADDING NODE CreateNewEventTests.addNewEventSuccess()[pri:0, instance:tests.CreateNewEventTests@150fcf47] -328781550
19:28:35.815  DEBUG org.testng.internal.Graph - [Graph] ADDING NODE CreateNewEventTests.addNewEventNextDay()[pri:0, instance:tests.CreateNewEventTests@150fcf47] 876395576
19:28:35.816  DEBUG org.testng.internal.Graph - [Graph] ================ SORTING
19:28:35.817  DEBUG org.testng.internal.Graph - [Graph] =============== DONE SORTING
19:28:35.817  DEBUG org.testng.internal.Graph - [Graph] ====== SORTED NODES
19:28:35.817  DEBUG org.testng.internal.Graph - [Graph] ====== END SORTED NODES
19:28:35.819  DEBUG org.testng.internal.Graph - [Graph] ADDING NODE Configuration.tearDown()[pri:0, instance:tests.CreateNewEventTests@150fcf47] -592971081
19:28:35.820  DEBUG org.testng.internal.Graph - [Graph] ================ SORTING
19:28:35.820  DEBUG org.testng.internal.Graph - [Graph] =============== DONE SORTING
19:28:35.820  DEBUG org.testng.internal.Graph - [Graph] ====== SORTED NODES
19:28:35.825  DEBUG org.testng.internal.Graph - [Graph] ====== END SORTED NODES
19:28:35.859  INFO  manager.Configuration - Device name --> 'Simulator_2'; Platform --> 'Android'; Version --> '8.0'
